<?xml version="1.0" encoding="UTF-8"?>
<testng-results skipped="0" failed="2" ignored="0" total="4" passed="2">
  <reporter-output>
    <line>
      <![CDATA[2017-08-08 13:31:24 INFO  MyListener:39 - Test testGmail is started
</br>]]>
    </line>
    <line>
      <![CDATA[2017-08-08 13:31:24 INFO  MyListener:39 - Test testGmail is started
</br>]]>
    </line>
    <line>
      <![CDATA[2017-08-08 13:31:54 INFO  MyListener:44 - Test testGmail is successfull
</br>]]>
    </line>
    <line>
      <![CDATA[2017-08-08 13:31:56 INFO  MyListener:44 - Test testGmail is successfull
</br>]]>
    </line>
    <line>
      <![CDATA[2017-08-08 13:31:57 INFO  MyListener:39 - Test testLogin is started
</br>]]>
    </line>
    <line>
      <![CDATA[2017-08-08 13:31:57 INFO  MyListener:39 - Test testLogin is started
</br>]]>
    </line>
    <line>
      <![CDATA[2017-08-08 13:32:52 INFO  MyListener:29 - Test testLogin is failed
</br>]]>
    </line>
    <line>
      <![CDATA[2017-08-08 13:33:04 INFO  MyListener:29 - Test testLogin is failed
</br>]]>
    </line>
  </reporter-output>
  <suite name="Suite" duration-ms="100854" started-at="2017-08-08T10:31:23Z" finished-at="2017-08-08T10:33:04Z">
    <groups>
    </groups>
    <test name="TestGmailPositive" duration-ms="33509" started-at="2017-08-08T10:31:23Z" finished-at="2017-08-08T10:31:57Z">
      <class name="com.epam.testgmail.TestGmail">
        <test-method status="PASS" signature="testGmail(models.UserModel)[pri:0, instance:com.epam.testgmail.TestGmail@6c3708b3]" name="testGmail" duration-ms="29770" started-at="2017-08-08T13:31:24Z" data-provider="getData" finished-at="2017-08-08T13:31:54Z">
          <params>
            <param index="0">
              <value>
                <![CDATA[UserModel [login=olegvovkanych@gmail.com, password=sittervovkanych]]]>
              </value>
            </param>
          </params>
          <reporter-output>
            <line>
              <![CDATA[2017-08-08 13:31:24 INFO  MyListener:39 - Test testGmail is started
</br>]]>
            </line>
            <line>
              <![CDATA[2017-08-08 13:31:54 INFO  MyListener:44 - Test testGmail is successfull
</br>]]>
            </line>
          </reporter-output>
        </test-method> <!-- testGmail -->
        <test-method status="PASS" signature="testGmail(models.UserModel)[pri:0, instance:com.epam.testgmail.TestGmail@6c3708b3]" name="testGmail" duration-ms="32104" started-at="2017-08-08T13:31:24Z" data-provider="getData" finished-at="2017-08-08T13:31:56Z">
          <params>
            <param index="0">
              <value>
                <![CDATA[UserModel [login=romslavinsky@gmail.com, password=sitterslavinsky]]]>
              </value>
            </param>
          </params>
          <reporter-output>
            <line>
              <![CDATA[2017-08-08 13:31:24 INFO  MyListener:39 - Test testGmail is started
</br>]]>
            </line>
            <line>
              <![CDATA[2017-08-08 13:31:56 INFO  MyListener:44 - Test testGmail is successfull
</br>]]>
            </line>
          </reporter-output>
        </test-method> <!-- testGmail -->
        <test-method status="PASS" signature="closeBrowser()[pri:0, instance:com.epam.testgmail.TestGmail@6c3708b3]" name="closeBrowser" is-config="true" duration-ms="1175" started-at="2017-08-08T13:31:54Z" finished-at="2017-08-08T13:31:55Z">
          <reporter-output>
          </reporter-output>
        </test-method> <!-- closeBrowser -->
        <test-method status="PASS" signature="closeBrowser()[pri:0, instance:com.epam.testgmail.TestGmail@6c3708b3]" name="closeBrowser" is-config="true" duration-ms="805" started-at="2017-08-08T13:31:56Z" finished-at="2017-08-08T13:31:57Z">
          <reporter-output>
          </reporter-output>
        </test-method> <!-- closeBrowser -->
      </class> <!-- com.epam.testgmail.TestGmail -->
    </test> <!-- TestGmailPositive -->
    <test name="TestGmailNagative" duration-ms="67309" started-at="2017-08-08T10:31:57Z" finished-at="2017-08-08T10:33:04Z">
      <class name="com.epam.testgmail.TestGmailNegative">
        <test-method status="FAIL" signature="testLogin(models.UserModel)[pri:0, instance:com.epam.testgmail.TestGmailNegative@5b87ed94]" name="testLogin" duration-ms="66526" started-at="2017-08-08T13:31:57Z" data-provider="getData" finished-at="2017-08-08T13:33:04Z">
          <params>
            <param index="0">
              <value>
                <![CDATA[UserModel [login=olegvovkanych@gmail.com, password=sittervovkanych]]]>
              </value>
            </param>
          </params>
          <exception class="org.openqa.selenium.TimeoutException">
            <message>
              <![CDATA[Expected condition failed: waiting for element to be clickable: Proxy element for: DefaultElementLocator 'By.cssSelector: div.T-I.J-J5-Ji.T-I-KE.L3' (tried for 30 second(s) with 500 MILLISECONDS interval)]]>
            </message>
            <full-stacktrace>
              <![CDATA[org.openqa.selenium.TimeoutException: Expected condition failed: waiting for element to be clickable: Proxy element for: DefaultElementLocator 'By.cssSelector: div.T-I.J-J5-Ji.T-I-KE.L3' (tried for 30 second(s) with 500 MILLISECONDS interval)
	at org.openqa.selenium.support.ui.WebDriverWait.timeoutException(WebDriverWait.java:80)
	at org.openqa.selenium.support.ui.FluentWait.until(FluentWait.java:232)
	at com.epam.decorator.Button.click(Button.java:18)
	at pageobject.HomePage.composeClick(HomePage.java:50)
	at bussinessobj.HomePageBO.clickCompose(HomePageBO.java:13)
	at com.epam.testgmail.TestGmailNegative.testLogin(TestGmailNegative.java:38)
	at sun.reflect.NativeMethodAccessorImpl.invoke0(Native Method)
	at sun.reflect.NativeMethodAccessorImpl.invoke(NativeMethodAccessorImpl.java:62)
	at sun.reflect.DelegatingMethodAccessorImpl.invoke(DelegatingMethodAccessorImpl.java:43)
	at java.lang.reflect.Method.invoke(Method.java:498)
	at org.testng.internal.MethodInvocationHelper.invokeMethod(MethodInvocationHelper.java:108)
	at org.testng.internal.Invoker.invokeMethod(Invoker.java:661)
	at org.testng.internal.Invoker.invokeTestMethod(Invoker.java:869)
	at org.testng.internal.TestMethodWithDataProviderMethodWorker.call(TestMethodWithDataProviderMethodWorker.java:75)
	at org.testng.internal.TestMethodWithDataProviderMethodWorker.call(TestMethodWithDataProviderMethodWorker.java:14)
	at java.util.concurrent.FutureTask.run(FutureTask.java:266)
	at java.util.concurrent.Executors$RunnableAdapter.call(Executors.java:511)
	at java.util.concurrent.FutureTask.run(FutureTask.java:266)
	at java.util.concurrent.ThreadPoolExecutor.runWorker(ThreadPoolExecutor.java:1142)
	at java.util.concurrent.ThreadPoolExecutor$Worker.run(ThreadPoolExecutor.java:617)
	at java.lang.Thread.run(Thread.java:748)
Caused by: org.openqa.selenium.NoSuchElementException: no such element: Unable to locate element: {"method":"css selector","selector":"div.T-I.J-J5-Ji.T-I-KE.L3"}
  (Session info: chrome=59.0.3071.115)
  (Driver info: chromedriver=2.30.477700 (0057494ad8732195794a7b32078424f92a5fce41),platform=Windows NT 10.0.14393 x86_64) (WARNING: The server did not provide any stacktrace information)
Command duration or timeout: 30.01 seconds
For documentation on this error, please visit: http://seleniumhq.org/exceptions/no_such_element.html
Build info: version: '3.4.0', revision: 'unknown', time: 'unknown'
System info: host: 'EPUALVIW0391', ip: '10.25.32.58', os.name: 'Windows 10', os.arch: 'amd64', os.version: '10.0', java.version: '1.8.0_131'
Driver info: driver.Driver$1
Capabilities [{applicationCacheEnabled=false, rotatable=false, mobileEmulationEnabled=false, networkConnectionEnabled=false, chrome={chromedriverVersion=2.30.477700 (0057494ad8732195794a7b32078424f92a5fce41), userDataDir=C:\Users\user\AppData\Local\Temp\scoped_dir8696_19798}, takesHeapSnapshot=true, pageLoadStrategy=normal, databaseEnabled=false, handlesAlerts=true, hasTouchScreen=false, version=59.0.3071.115, platform=XP, browserConnectionEnabled=false, nativeEvents=true, acceptSslCerts=true, locationContextEnabled=true, webStorageEnabled=true, browserName=chrome, takesScreenshot=true, javascriptEnabled=true, cssSelectorsEnabled=true, unexpectedAlertBehaviour=}]
Session ID: 85fad358c9ff8eb97008e7a4ecd9bc89
*** Element info: {Using=css selector, value=div.T-I.J-J5-Ji.T-I-KE.L3}
	at sun.reflect.NativeConstructorAccessorImpl.newInstance0(Native Method)
	at sun.reflect.NativeConstructorAccessorImpl.newInstance(NativeConstructorAccessorImpl.java:62)
	at sun.reflect.DelegatingConstructorAccessorImpl.newInstance(DelegatingConstructorAccessorImpl.java:45)
	at java.lang.reflect.Constructor.newInstance(Constructor.java:423)
	at org.openqa.selenium.remote.ErrorHandler.createThrowable(ErrorHandler.java:215)
	at org.openqa.selenium.remote.ErrorHandler.throwIfResponseFailed(ErrorHandler.java:167)
	at org.openqa.selenium.remote.RemoteWebDriver.execute(RemoteWebDriver.java:671)
	at org.openqa.selenium.remote.RemoteWebDriver.findElement(RemoteWebDriver.java:410)
	at org.openqa.selenium.remote.RemoteWebDriver.findElementByCssSelector(RemoteWebDriver.java:501)
	at org.openqa.selenium.By$ByCssSelector.findElement(By.java:430)
	at org.openqa.selenium.remote.RemoteWebDriver.findElement(RemoteWebDriver.java:402)
	at org.openqa.selenium.support.pagefactory.DefaultElementLocator.findElement(DefaultElementLocator.java:69)
	at org.openqa.selenium.support.pagefactory.internal.LocatingElementHandler.invoke(LocatingElementHandler.java:38)
	at com.sun.proxy.$Proxy5.isDisplayed(Unknown Source)
	at org.openqa.selenium.support.ui.ExpectedConditions.elementIfVisible(ExpectedConditions.java:302)
	at org.openqa.selenium.support.ui.ExpectedConditions.access$100(ExpectedConditions.java:44)
	at org.openqa.selenium.support.ui.ExpectedConditions$10.apply(ExpectedConditions.java:288)
	at org.openqa.selenium.support.ui.ExpectedConditions$10.apply(ExpectedConditions.java:285)
	at org.openqa.selenium.support.ui.ExpectedConditions$23.apply(ExpectedConditions.java:673)
	at org.openqa.selenium.support.ui.ExpectedConditions$23.apply(ExpectedConditions.java:669)
	at org.openqa.selenium.support.ui.FluentWait.until(FluentWait.java:209)
	... 19 more
]]>
            </full-stacktrace>
          </exception> <!-- org.openqa.selenium.TimeoutException -->
          <reporter-output>
            <line>
              <![CDATA[2017-08-08 13:31:57 INFO  MyListener:39 - Test testLogin is started
</br>]]>
            </line>
            <line>
              <![CDATA[2017-08-08 13:33:04 INFO  MyListener:29 - Test testLogin is failed
</br>]]>
            </line>
          </reporter-output>
        </test-method> <!-- testLogin -->
        <test-method status="FAIL" signature="testLogin(models.UserModel)[pri:0, instance:com.epam.testgmail.TestGmailNegative@5b87ed94]" name="testLogin" duration-ms="54786" started-at="2017-08-08T13:31:57Z" data-provider="getData" finished-at="2017-08-08T13:32:52Z">
          <params>
            <param index="0">
              <value>
                <![CDATA[UserModel [login=romslavinsky@gmail.com, password=sitterslavinsky]]]>
              </value>
            </param>
          </params>
          <exception class="org.openqa.selenium.TimeoutException">
            <message>
              <![CDATA[Expected condition failed: waiting for element to be clickable: [[: chrome on XP (58dd276358297161d1473e67e6f75e6b)] -> css selector: .oj div textarea] (tried for 30 second(s) with 500 MILLISECONDS interval)
Build info: version: '3.4.0', revision: 'unknown', time: 'unknown'
System info: host: 'EPUALVIW0391', ip: '10.25.32.58', os.name: 'Windows 10', os.arch: 'amd64', os.version: '10.0', java.version: '1.8.0_131'
Driver info: driver.Driver$1
Capabilities [{applicationCacheEnabled=false, rotatable=false, mobileEmulationEnabled=false, networkConnectionEnabled=false, chrome={chromedriverVersion=2.30.477700 (0057494ad8732195794a7b32078424f92a5fce41), userDataDir=C:\Users\user\AppData\Local\Temp\scoped_dir8752_171}, takesHeapSnapshot=true, pageLoadStrategy=normal, databaseEnabled=false, handlesAlerts=true, hasTouchScreen=false, version=59.0.3071.115, platform=XP, browserConnectionEnabled=false, nativeEvents=true, acceptSslCerts=true, locationContextEnabled=true, webStorageEnabled=true, browserName=chrome, takesScreenshot=true, javascriptEnabled=true, cssSelectorsEnabled=true, unexpectedAlertBehaviour=}]
Session ID: 58dd276358297161d1473e67e6f75e6b]]>
            </message>
            <full-stacktrace>
              <![CDATA[org.openqa.selenium.TimeoutException: Expected condition failed: waiting for element to be clickable: [[: chrome on XP (58dd276358297161d1473e67e6f75e6b)] -> css selector: .oj div textarea] (tried for 30 second(s) with 500 MILLISECONDS interval)
Build info: version: '3.4.0', revision: 'unknown', time: 'unknown'
System info: host: 'EPUALVIW0391', ip: '10.25.32.58', os.name: 'Windows 10', os.arch: 'amd64', os.version: '10.0', java.version: '1.8.0_131'
Driver info: driver.Driver$1
Capabilities [{applicationCacheEnabled=false, rotatable=false, mobileEmulationEnabled=false, networkConnectionEnabled=false, chrome={chromedriverVersion=2.30.477700 (0057494ad8732195794a7b32078424f92a5fce41), userDataDir=C:\Users\user\AppData\Local\Temp\scoped_dir8752_171}, takesHeapSnapshot=true, pageLoadStrategy=normal, databaseEnabled=false, handlesAlerts=true, hasTouchScreen=false, version=59.0.3071.115, platform=XP, browserConnectionEnabled=false, nativeEvents=true, acceptSslCerts=true, locationContextEnabled=true, webStorageEnabled=true, browserName=chrome, takesScreenshot=true, javascriptEnabled=true, cssSelectorsEnabled=true, unexpectedAlertBehaviour=}]
Session ID: 58dd276358297161d1473e67e6f75e6b
	at org.openqa.selenium.support.ui.WebDriverWait.timeoutException(WebDriverWait.java:80)
	at org.openqa.selenium.support.ui.FluentWait.until(FluentWait.java:232)
	at com.epam.decorator.Input.click(Input.java:23)
	at pageobject.HomePage.deleteEnteredEmailAddress(HomePage.java:72)
	at bussinessobj.HomePageBO.closeErrorAndClearEmailInput(HomePageBO.java:23)
	at com.epam.testgmail.TestGmailNegative.testLogin(TestGmailNegative.java:40)
	at sun.reflect.NativeMethodAccessorImpl.invoke0(Native Method)
	at sun.reflect.NativeMethodAccessorImpl.invoke(NativeMethodAccessorImpl.java:62)
	at sun.reflect.DelegatingMethodAccessorImpl.invoke(DelegatingMethodAccessorImpl.java:43)
	at java.lang.reflect.Method.invoke(Method.java:498)
	at org.testng.internal.MethodInvocationHelper.invokeMethod(MethodInvocationHelper.java:108)
	at org.testng.internal.Invoker.invokeMethod(Invoker.java:661)
	at org.testng.internal.Invoker.invokeTestMethod(Invoker.java:869)
	at org.testng.internal.TestMethodWithDataProviderMethodWorker.call(TestMethodWithDataProviderMethodWorker.java:75)
	at org.testng.internal.TestMethodWithDataProviderMethodWorker.call(TestMethodWithDataProviderMethodWorker.java:14)
	at java.util.concurrent.FutureTask.run(FutureTask.java:266)
	at java.util.concurrent.Executors$RunnableAdapter.call(Executors.java:511)
	at java.util.concurrent.FutureTask.run(FutureTask.java:266)
	at java.util.concurrent.ThreadPoolExecutor.runWorker(ThreadPoolExecutor.java:1142)
	at java.util.concurrent.ThreadPoolExecutor$Worker.run(ThreadPoolExecutor.java:617)
	at java.lang.Thread.run(Thread.java:748)
]]>
            </full-stacktrace>
          </exception> <!-- org.openqa.selenium.TimeoutException -->
          <reporter-output>
            <line>
              <![CDATA[2017-08-08 13:31:57 INFO  MyListener:39 - Test testLogin is started
</br>]]>
            </line>
            <line>
              <![CDATA[2017-08-08 13:32:52 INFO  MyListener:29 - Test testLogin is failed
</br>]]>
            </line>
          </reporter-output>
        </test-method> <!-- testLogin -->
        <test-method status="PASS" signature="closeBrowser()[pri:0, instance:com.epam.testgmail.TestGmailNegative@5b87ed94]" name="closeBrowser" is-config="true" duration-ms="830" started-at="2017-08-08T13:32:52Z" finished-at="2017-08-08T13:32:53Z">
          <reporter-output>
          </reporter-output>
        </test-method> <!-- closeBrowser -->
        <test-method status="PASS" signature="closeBrowser()[pri:0, instance:com.epam.testgmail.TestGmailNegative@5b87ed94]" name="closeBrowser" is-config="true" duration-ms="757" started-at="2017-08-08T13:33:04Z" finished-at="2017-08-08T13:33:04Z">
          <reporter-output>
          </reporter-output>
        </test-method> <!-- closeBrowser -->
      </class> <!-- com.epam.testgmail.TestGmailNegative -->
    </test> <!-- TestGmailNagative -->
  </suite> <!-- Suite -->
</testng-results>
